[2025-04-30T15:32:59.600Z] ------- SERVER DIAGNOSTICS -------
[2025-04-30T15:32:59.601Z] Current directory: C:\Users\morovinger\Desktop\react-pdf-test\server
[2025-04-30T15:32:59.601Z] Upload directory: C:\Users\morovinger\Desktop\react-pdf-test\server\uploads
[2025-04-30T15:32:59.601Z] Node.js version: v22.14.0
[2025-04-30T15:32:59.602Z] Operating system: win32 x64
[2025-04-30T15:32:59.602Z] Uploads directory already exists at: C:\Users\morovinger\Desktop\react-pdf-test\server\uploads
[2025-04-30T15:32:59.603Z] Directory is writable
[2025-04-30T15:32:59.603Z] Files in uploads directory (0): 
[2025-04-30T15:32:59.604Z] Successfully created test file: C:\Users\morovinger\Desktop\react-pdf-test\server\uploads\test-permissions.txt
[2025-04-30T15:32:59.605Z] Test file stats: size=25, mode=100666, uid=0, gid=0
[2025-04-30T15:32:59.606Z] Successfully deleted test file
[2025-04-30T15:32:59.606Z] ----------------------------------
[2025-04-30T15:32:59.611Z] Server running on port 3001
[2025-04-30T15:32:59.612Z] Server URL: http://104.36.85.100:3000
[2025-04-30T15:32:59.612Z] API status available at http://104.36.85.100:3000/api
[2025-04-30T15:32:59.612Z] File upload endpoint: http://104.36.85.100:3000/upload
[2025-04-30T15:33:14.082Z] Received upload request from: ::1
[2025-04-30T15:33:14.088Z] Receiving file: nedvizhimost-document.pdf, mimetype: application/pdf
[2025-04-30T15:33:14.089Z] Generated filename for upload: 1746027194089-235347577-nedvizhimost-document.pdf
[2025-04-30T15:33:14.106Z] File uploaded successfully: path=C:\Users\morovinger\Desktop\react-pdf-test\server\uploads\1746027194089-235347577-nedvizhimost-document.pdf, size=1752836bytes, permissions=100666
[2025-04-30T15:33:14.107Z] File URL: http://104.36.85.100:3000/uploads/1746027194089-235347577-nedvizhimost-document.pdf
[2025-04-30T15:33:14.107Z] Files in uploads directory after upload (1): 1746027194089-235347577-nedvizhimost-document.pdf
[2025-04-30T15:33:14.146Z] Checking if file exists: C:\Users\morovinger\Desktop\react-pdf-test\server\uploads\1746027194089-235347577-nedvizhimost-document.pdf
[2025-04-30T15:33:14.147Z] File exists: C:\Users\morovinger\Desktop\react-pdf-test\server\uploads\1746027194089-235347577-nedvizhimost-document.pdf, size=1752836bytes
